  Fish.cpp
F:\university\SP-Project-Final-Edition\Fish.h(14,18): warning C4244: 'initializing': conversion from 'float' to 'uint8_t', possible loss of data
  (compiling source file 'Fish.cpp')
  
F:\university\SP-Project-Final-Edition\Fish.cpp(10,43): warning C4244: '=': conversion from 'T' to 'T', possible loss of data
F:\university\SP-Project-Final-Edition\Fish.cpp(10,43): warning C4244:         with
F:\university\SP-Project-Final-Edition\Fish.cpp(10,43): warning C4244:         [
F:\university\SP-Project-Final-Edition\Fish.cpp(10,43): warning C4244:             T=unsigned int
F:\university\SP-Project-Final-Edition\Fish.cpp(10,43): warning C4244:         ]
F:\university\SP-Project-Final-Edition\Fish.cpp(10,43): warning C4244:         and
F:\university\SP-Project-Final-Edition\Fish.cpp(10,43): warning C4244:         [
F:\university\SP-Project-Final-Edition\Fish.cpp(10,43): warning C4244:             T=float
F:\university\SP-Project-Final-Edition\Fish.cpp(10,43): warning C4244:         ]
F:\university\SP-Project-Final-Edition\Fish.cpp(11,39): warning C4244: '=': conversion from 'T' to 'T', possible loss of data
F:\university\SP-Project-Final-Edition\Fish.cpp(11,39): warning C4244:         with
F:\university\SP-Project-Final-Edition\Fish.cpp(11,39): warning C4244:         [
F:\university\SP-Project-Final-Edition\Fish.cpp(11,39): warning C4244:             T=unsigned int
F:\university\SP-Project-Final-Edition\Fish.cpp(11,39): warning C4244:         ]
F:\university\SP-Project-Final-Edition\Fish.cpp(11,39): warning C4244:         and
F:\university\SP-Project-Final-Edition\Fish.cpp(11,39): warning C4244:         [
F:\university\SP-Project-Final-Edition\Fish.cpp(11,39): warning C4244:             T=float
F:\university\SP-Project-Final-Edition\Fish.cpp(11,39): warning C4244:         ]
F:\university\SP-Project-Final-Edition\Fish.cpp(25,40): warning C4244: 'argument': conversion from 'float' to 'T', possible loss of data
F:\university\SP-Project-Final-Edition\Fish.cpp(25,40): warning C4244:         with
F:\university\SP-Project-Final-Edition\Fish.cpp(25,40): warning C4244:         [
F:\university\SP-Project-Final-Edition\Fish.cpp(25,40): warning C4244:             T=int
F:\university\SP-Project-Final-Edition\Fish.cpp(25,40): warning C4244:         ]
F:\university\SP-Project-Final-Edition\Fish.cpp(25,19): warning C4244: 'argument': conversion from 'float' to 'T', possible loss of data
F:\university\SP-Project-Final-Edition\Fish.cpp(25,19): warning C4244:         with
F:\university\SP-Project-Final-Edition\Fish.cpp(25,19): warning C4244:         [
F:\university\SP-Project-Final-Edition\Fish.cpp(25,19): warning C4244:             T=int
F:\university\SP-Project-Final-Edition\Fish.cpp(25,19): warning C4244:         ]
F:\university\SP-Project-Final-Edition\Fish.cpp(24,60): warning C4244: 'argument': conversion from 'float' to 'T', possible loss of data
F:\university\SP-Project-Final-Edition\Fish.cpp(24,60): warning C4244:         with
F:\university\SP-Project-Final-Edition\Fish.cpp(24,60): warning C4244:         [
F:\university\SP-Project-Final-Edition\Fish.cpp(24,60): warning C4244:             T=int
F:\university\SP-Project-Final-Edition\Fish.cpp(24,60): warning C4244:         ]
F:\university\SP-Project-Final-Edition\Fish.cpp(33,40): warning C4244: 'argument': conversion from 'float' to 'T', possible loss of data
F:\university\SP-Project-Final-Edition\Fish.cpp(33,40): warning C4244:         with
F:\university\SP-Project-Final-Edition\Fish.cpp(33,40): warning C4244:         [
F:\university\SP-Project-Final-Edition\Fish.cpp(33,40): warning C4244:             T=int
F:\university\SP-Project-Final-Edition\Fish.cpp(33,40): warning C4244:         ]
F:\university\SP-Project-Final-Edition\Fish.cpp(33,19): warning C4244: 'argument': conversion from 'float' to 'T', possible loss of data
F:\university\SP-Project-Final-Edition\Fish.cpp(33,19): warning C4244:         with
F:\university\SP-Project-Final-Edition\Fish.cpp(33,19): warning C4244:         [
F:\university\SP-Project-Final-Edition\Fish.cpp(33,19): warning C4244:             T=int
F:\university\SP-Project-Final-Edition\Fish.cpp(33,19): warning C4244:         ]
F:\university\SP-Project-Final-Edition\Fish.cpp(32,60): warning C4244: 'argument': conversion from 'float' to 'T', possible loss of data
F:\university\SP-Project-Final-Edition\Fish.cpp(32,60): warning C4244:         with
F:\university\SP-Project-Final-Edition\Fish.cpp(32,60): warning C4244:         [
F:\university\SP-Project-Final-Edition\Fish.cpp(32,60): warning C4244:             T=int
F:\university\SP-Project-Final-Edition\Fish.cpp(32,60): warning C4244:         ]
F:\university\SP-Project-Final-Edition\Fish.cpp(42,40): warning C4244: 'argument': conversion from 'float' to 'T', possible loss of data
F:\university\SP-Project-Final-Edition\Fish.cpp(42,40): warning C4244:         with
F:\university\SP-Project-Final-Edition\Fish.cpp(42,40): warning C4244:         [
F:\university\SP-Project-Final-Edition\Fish.cpp(42,40): warning C4244:             T=int
F:\university\SP-Project-Final-Edition\Fish.cpp(42,40): warning C4244:         ]
F:\university\SP-Project-Final-Edition\Fish.cpp(42,19): warning C4244: 'argument': conversion from 'float' to 'T', possible loss of data
F:\university\SP-Project-Final-Edition\Fish.cpp(42,19): warning C4244:         with
F:\university\SP-Project-Final-Edition\Fish.cpp(42,19): warning C4244:         [
F:\university\SP-Project-Final-Edition\Fish.cpp(42,19): warning C4244:             T=int
F:\university\SP-Project-Final-Edition\Fish.cpp(42,19): warning C4244:         ]
F:\university\SP-Project-Final-Edition\Fish.cpp(41,67): warning C4244: 'argument': conversion from 'float' to 'T', possible loss of data
F:\university\SP-Project-Final-Edition\Fish.cpp(41,67): warning C4244:         with
F:\university\SP-Project-Final-Edition\Fish.cpp(41,67): warning C4244:         [
F:\university\SP-Project-Final-Edition\Fish.cpp(41,67): warning C4244:             T=int
F:\university\SP-Project-Final-Edition\Fish.cpp(41,67): warning C4244:         ]
F:\university\SP-Project-Final-Edition\Fish.cpp(102,13): warning C4244: '=': conversion from 'float' to 'uint8_t', possible loss of data
F:\university\SP-Project-Final-Edition\Fish.cpp(118,28): warning C4244: 'argument': conversion from 'double' to 'float', possible loss of data
F:\university\SP-Project-Final-Edition\Fish.cpp(117,56): warning C4244: 'argument': conversion from 'double' to 'float', possible loss of data
F:\university\SP-Project-Final-Edition\Fish.cpp(134,73): warning C4244: 'argument': conversion from 'float' to 'T', possible loss of data
F:\university\SP-Project-Final-Edition\Fish.cpp(134,73): warning C4244:         with
F:\university\SP-Project-Final-Edition\Fish.cpp(134,73): warning C4244:         [
F:\university\SP-Project-Final-Edition\Fish.cpp(134,73): warning C4244:             T=int
F:\university\SP-Project-Final-Edition\Fish.cpp(134,73): warning C4244:         ]
F:\university\SP-Project-Final-Edition\Fish.cpp(134,52): warning C4244: 'argument': conversion from 'float' to 'T', possible loss of data
F:\university\SP-Project-Final-Edition\Fish.cpp(134,52): warning C4244:         with
F:\university\SP-Project-Final-Edition\Fish.cpp(134,52): warning C4244:         [
F:\university\SP-Project-Final-Edition\Fish.cpp(134,52): warning C4244:             T=int
F:\university\SP-Project-Final-Edition\Fish.cpp(134,52): warning C4244:         ]
F:\university\SP-Project-Final-Edition\Fish.cpp(134,32): warning C4244: 'argument': conversion from 'float' to 'T', possible loss of data
F:\university\SP-Project-Final-Edition\Fish.cpp(134,32): warning C4244:         with
F:\university\SP-Project-Final-Edition\Fish.cpp(134,32): warning C4244:         [
F:\university\SP-Project-Final-Edition\Fish.cpp(134,32): warning C4244:             T=int
F:\university\SP-Project-Final-Edition\Fish.cpp(134,32): warning C4244:         ]
F:\university\SP-Project-Final-Edition\Fish.cpp(133,67): warning C4244: 'argument': conversion from 'float' to 'T', possible loss of data
F:\university\SP-Project-Final-Edition\Fish.cpp(133,67): warning C4244:         with
F:\university\SP-Project-Final-Edition\Fish.cpp(133,67): warning C4244:         [
F:\university\SP-Project-Final-Edition\Fish.cpp(133,67): warning C4244:             T=int
F:\university\SP-Project-Final-Edition\Fish.cpp(133,67): warning C4244:         ]
F:\university\SP-Project-Final-Edition\Fish.cpp(142,73): warning C4244: 'argument': conversion from 'float' to 'T', possible loss of data
F:\university\SP-Project-Final-Edition\Fish.cpp(142,73): warning C4244:         with
F:\university\SP-Project-Final-Edition\Fish.cpp(142,73): warning C4244:         [
F:\university\SP-Project-Final-Edition\Fish.cpp(142,73): warning C4244:             T=int
F:\university\SP-Project-Final-Edition\Fish.cpp(142,73): warning C4244:         ]
F:\university\SP-Project-Final-Edition\Fish.cpp(142,52): warning C4244: 'argument': conversion from 'float' to 'T', possible loss of data
F:\university\SP-Project-Final-Edition\Fish.cpp(142,52): warning C4244:         with
F:\university\SP-Project-Final-Edition\Fish.cpp(142,52): warning C4244:         [
F:\university\SP-Project-Final-Edition\Fish.cpp(142,52): warning C4244:             T=int
F:\university\SP-Project-Final-Edition\Fish.cpp(142,52): warning C4244:         ]
F:\university\SP-Project-Final-Edition\Fish.cpp(142,32): warning C4244: 'argument': conversion from 'float' to 'T', possible loss of data
F:\university\SP-Project-Final-Edition\Fish.cpp(142,32): warning C4244:         with
F:\university\SP-Project-Final-Edition\Fish.cpp(142,32): warning C4244:         [
F:\university\SP-Project-Final-Edition\Fish.cpp(142,32): warning C4244:             T=int
F:\university\SP-Project-Final-Edition\Fish.cpp(142,32): warning C4244:         ]
F:\university\SP-Project-Final-Edition\Fish.cpp(141,67): warning C4244: 'argument': conversion from 'float' to 'T', possible loss of data
F:\university\SP-Project-Final-Edition\Fish.cpp(141,67): warning C4244:         with
F:\university\SP-Project-Final-Edition\Fish.cpp(141,67): warning C4244:         [
F:\university\SP-Project-Final-Edition\Fish.cpp(141,67): warning C4244:             T=int
F:\university\SP-Project-Final-Edition\Fish.cpp(141,67): warning C4244:         ]
F:\university\SP-Project-Final-Edition\Fish.cpp(151,73): warning C4244: 'argument': conversion from 'float' to 'T', possible loss of data
F:\university\SP-Project-Final-Edition\Fish.cpp(151,73): warning C4244:         with
F:\university\SP-Project-Final-Edition\Fish.cpp(151,73): warning C4244:         [
F:\university\SP-Project-Final-Edition\Fish.cpp(151,73): warning C4244:             T=int
F:\university\SP-Project-Final-Edition\Fish.cpp(151,73): warning C4244:         ]
F:\university\SP-Project-Final-Edition\Fish.cpp(151,52): warning C4244: 'argument': conversion from 'float' to 'T', possible loss of data
F:\university\SP-Project-Final-Edition\Fish.cpp(151,52): warning C4244:         with
F:\university\SP-Project-Final-Edition\Fish.cpp(151,52): warning C4244:         [
F:\university\SP-Project-Final-Edition\Fish.cpp(151,52): warning C4244:             T=int
F:\university\SP-Project-Final-Edition\Fish.cpp(151,52): warning C4244:         ]
F:\university\SP-Project-Final-Edition\Fish.cpp(151,32): warning C4244: 'argument': conversion from 'float' to 'T', possible loss of data
F:\university\SP-Project-Final-Edition\Fish.cpp(151,32): warning C4244:         with
F:\university\SP-Project-Final-Edition\Fish.cpp(151,32): warning C4244:         [
F:\university\SP-Project-Final-Edition\Fish.cpp(151,32): warning C4244:             T=int
F:\university\SP-Project-Final-Edition\Fish.cpp(151,32): warning C4244:         ]
F:\university\SP-Project-Final-Edition\Fish.cpp(150,67): warning C4244: 'argument': conversion from 'float' to 'T', possible loss of data
F:\university\SP-Project-Final-Edition\Fish.cpp(150,67): warning C4244:         with
F:\university\SP-Project-Final-Edition\Fish.cpp(150,67): warning C4244:         [
F:\university\SP-Project-Final-Edition\Fish.cpp(150,67): warning C4244:             T=int
F:\university\SP-Project-Final-Edition\Fish.cpp(150,67): warning C4244:         ]
F:\university\SP-Project-Final-Edition\Fish.cpp(167,65): warning C4244: 'argument': conversion from 'float' to 'T', possible loss of data
F:\university\SP-Project-Final-Edition\Fish.cpp(167,65): warning C4244:         with
F:\university\SP-Project-Final-Edition\Fish.cpp(167,65): warning C4244:         [
F:\university\SP-Project-Final-Edition\Fish.cpp(167,65): warning C4244:             T=int
F:\university\SP-Project-Final-Edition\Fish.cpp(167,65): warning C4244:         ]
F:\university\SP-Project-Final-Edition\Fish.cpp(167,44): warning C4244: 'argument': conversion from 'float' to 'T', possible loss of data
F:\university\SP-Project-Final-Edition\Fish.cpp(167,44): warning C4244:         with
F:\university\SP-Project-Final-Edition\Fish.cpp(167,44): warning C4244:         [
F:\university\SP-Project-Final-Edition\Fish.cpp(167,44): warning C4244:             T=int
F:\university\SP-Project-Final-Edition\Fish.cpp(167,44): warning C4244:         ]
F:\university\SP-Project-Final-Edition\Fish.cpp(167,24): warning C4244: 'argument': conversion from 'float' to 'T', possible loss of data
F:\university\SP-Project-Final-Edition\Fish.cpp(167,24): warning C4244:         with
F:\university\SP-Project-Final-Edition\Fish.cpp(167,24): warning C4244:         [
F:\university\SP-Project-Final-Edition\Fish.cpp(167,24): warning C4244:             T=int
F:\university\SP-Project-Final-Edition\Fish.cpp(167,24): warning C4244:         ]
F:\university\SP-Project-Final-Edition\Fish.cpp(166,56): warning C4244: 'argument': conversion from 'float' to 'T', possible loss of data
F:\university\SP-Project-Final-Edition\Fish.cpp(166,56): warning C4244:         with
F:\university\SP-Project-Final-Edition\Fish.cpp(166,56): warning C4244:         [
F:\university\SP-Project-Final-Edition\Fish.cpp(166,56): warning C4244:             T=int
F:\university\SP-Project-Final-Edition\Fish.cpp(166,56): warning C4244:         ]
F:\university\SP-Project-Final-Edition\Fish.cpp(174,65): warning C4244: 'argument': conversion from 'float' to 'T', possible loss of data
F:\university\SP-Project-Final-Edition\Fish.cpp(174,65): warning C4244:         with
F:\university\SP-Project-Final-Edition\Fish.cpp(174,65): warning C4244:         [
F:\university\SP-Project-Final-Edition\Fish.cpp(174,65): warning C4244:             T=int
F:\university\SP-Project-Final-Edition\Fish.cpp(174,65): warning C4244:         ]
F:\university\SP-Project-Final-Edition\Fish.cpp(174,44): warning C4244: 'argument': conversion from 'float' to 'T', possible loss of data
F:\university\SP-Project-Final-Edition\Fish.cpp(174,44): warning C4244:         with
F:\university\SP-Project-Final-Edition\Fish.cpp(174,44): warning C4244:         [
F:\university\SP-Project-Final-Edition\Fish.cpp(174,44): warning C4244:             T=int
F:\university\SP-Project-Final-Edition\Fish.cpp(174,44): warning C4244:         ]
F:\university\SP-Project-Final-Edition\Fish.cpp(174,24): warning C4244: 'argument': conversion from 'float' to 'T', possible loss of data
F:\university\SP-Project-Final-Edition\Fish.cpp(174,24): warning C4244:         with
F:\university\SP-Project-Final-Edition\Fish.cpp(174,24): warning C4244:         [
F:\university\SP-Project-Final-Edition\Fish.cpp(174,24): warning C4244:             T=int
F:\university\SP-Project-Final-Edition\Fish.cpp(174,24): warning C4244:         ]
F:\university\SP-Project-Final-Edition\Fish.cpp(173,56): warning C4244: 'argument': conversion from 'float' to 'T', possible loss of data
F:\university\SP-Project-Final-Edition\Fish.cpp(173,56): warning C4244:         with
F:\university\SP-Project-Final-Edition\Fish.cpp(173,56): warning C4244:         [
F:\university\SP-Project-Final-Edition\Fish.cpp(173,56): warning C4244:             T=int
F:\university\SP-Project-Final-Edition\Fish.cpp(173,56): warning C4244:         ]
F:\university\SP-Project-Final-Edition\Fish.cpp(183,73): warning C4244: 'argument': conversion from 'float' to 'T', possible loss of data
F:\university\SP-Project-Final-Edition\Fish.cpp(183,73): warning C4244:         with
F:\university\SP-Project-Final-Edition\Fish.cpp(183,73): warning C4244:         [
F:\university\SP-Project-Final-Edition\Fish.cpp(183,73): warning C4244:             T=int
F:\university\SP-Project-Final-Edition\Fish.cpp(183,73): warning C4244:         ]
F:\university\SP-Project-Final-Edition\Fish.cpp(183,52): warning C4244: 'argument': conversion from 'float' to 'T', possible loss of data
F:\university\SP-Project-Final-Edition\Fish.cpp(183,52): warning C4244:         with
F:\university\SP-Project-Final-Edition\Fish.cpp(183,52): warning C4244:         [
F:\university\SP-Project-Final-Edition\Fish.cpp(183,52): warning C4244:             T=int
F:\university\SP-Project-Final-Edition\Fish.cpp(183,52): warning C4244:         ]
F:\university\SP-Project-Final-Edition\Fish.cpp(183,32): warning C4244: 'argument': conversion from 'float' to 'T', possible loss of data
F:\university\SP-Project-Final-Edition\Fish.cpp(183,32): warning C4244:         with
F:\university\SP-Project-Final-Edition\Fish.cpp(183,32): warning C4244:         [
F:\university\SP-Project-Final-Edition\Fish.cpp(183,32): warning C4244:             T=int
F:\university\SP-Project-Final-Edition\Fish.cpp(183,32): warning C4244:         ]
F:\university\SP-Project-Final-Edition\Fish.cpp(182,67): warning C4244: 'argument': conversion from 'float' to 'T', possible loss of data
F:\university\SP-Project-Final-Edition\Fish.cpp(182,67): warning C4244:         with
F:\university\SP-Project-Final-Edition\Fish.cpp(182,67): warning C4244:         [
F:\university\SP-Project-Final-Edition\Fish.cpp(182,67): warning C4244:             T=int
F:\university\SP-Project-Final-Edition\Fish.cpp(182,67): warning C4244:         ]
F:\university\SP-Project-Final-Edition\Fish.cpp(204,74): warning C4244: 'argument': conversion from 'float' to 'T', possible loss of data
F:\university\SP-Project-Final-Edition\Fish.cpp(204,74): warning C4244:         with
F:\university\SP-Project-Final-Edition\Fish.cpp(204,74): warning C4244:         [
F:\university\SP-Project-Final-Edition\Fish.cpp(204,74): warning C4244:             T=int
F:\university\SP-Project-Final-Edition\Fish.cpp(204,74): warning C4244:         ]
F:\university\SP-Project-Final-Edition\Fish.cpp(204,53): warning C4244: 'argument': conversion from 'float' to 'T', possible loss of data
F:\university\SP-Project-Final-Edition\Fish.cpp(204,53): warning C4244:         with
F:\university\SP-Project-Final-Edition\Fish.cpp(204,53): warning C4244:         [
F:\university\SP-Project-Final-Edition\Fish.cpp(204,53): warning C4244:             T=int
F:\university\SP-Project-Final-Edition\Fish.cpp(204,53): warning C4244:         ]
F:\university\SP-Project-Final-Edition\Fish.cpp(204,33): warning C4244: 'argument': conversion from 'float' to 'T', possible loss of data
F:\university\SP-Project-Final-Edition\Fish.cpp(204,33): warning C4244:         with
F:\university\SP-Project-Final-Edition\Fish.cpp(204,33): warning C4244:         [
F:\university\SP-Project-Final-Edition\Fish.cpp(204,33): warning C4244:             T=int
F:\university\SP-Project-Final-Edition\Fish.cpp(204,33): warning C4244:         ]
F:\university\SP-Project-Final-Edition\Fish.cpp(203,68): warning C4244: 'argument': conversion from 'float' to 'T', possible loss of data
F:\university\SP-Project-Final-Edition\Fish.cpp(203,68): warning C4244:         with
F:\university\SP-Project-Final-Edition\Fish.cpp(203,68): warning C4244:         [
F:\university\SP-Project-Final-Edition\Fish.cpp(203,68): warning C4244:             T=int
F:\university\SP-Project-Final-Edition\Fish.cpp(203,68): warning C4244:         ]
F:\university\SP-Project-Final-Edition\Fish.cpp(213,74): warning C4244: 'argument': conversion from 'float' to 'T', possible loss of data
F:\university\SP-Project-Final-Edition\Fish.cpp(213,74): warning C4244:         with
F:\university\SP-Project-Final-Edition\Fish.cpp(213,74): warning C4244:         [
F:\university\SP-Project-Final-Edition\Fish.cpp(213,74): warning C4244:             T=int
F:\university\SP-Project-Final-Edition\Fish.cpp(213,74): warning C4244:         ]
F:\university\SP-Project-Final-Edition\Fish.cpp(213,53): warning C4244: 'argument': conversion from 'float' to 'T', possible loss of data
F:\university\SP-Project-Final-Edition\Fish.cpp(213,53): warning C4244:         with
F:\university\SP-Project-Final-Edition\Fish.cpp(213,53): warning C4244:         [
F:\university\SP-Project-Final-Edition\Fish.cpp(213,53): warning C4244:             T=int
F:\university\SP-Project-Final-Edition\Fish.cpp(213,53): warning C4244:         ]
F:\university\SP-Project-Final-Edition\Fish.cpp(213,33): warning C4244: 'argument': conversion from 'float' to 'T', possible loss of data
F:\university\SP-Project-Final-Edition\Fish.cpp(213,33): warning C4244:         with
F:\university\SP-Project-Final-Edition\Fish.cpp(213,33): warning C4244:         [
F:\university\SP-Project-Final-Edition\Fish.cpp(213,33): warning C4244:             T=int
F:\university\SP-Project-Final-Edition\Fish.cpp(213,33): warning C4244:         ]
F:\university\SP-Project-Final-Edition\Fish.cpp(212,68): warning C4244: 'argument': conversion from 'float' to 'T', possible loss of data
F:\university\SP-Project-Final-Edition\Fish.cpp(212,68): warning C4244:         with
F:\university\SP-Project-Final-Edition\Fish.cpp(212,68): warning C4244:         [
F:\university\SP-Project-Final-Edition\Fish.cpp(212,68): warning C4244:             T=int
F:\university\SP-Project-Final-Edition\Fish.cpp(212,68): warning C4244:         ]
F:\university\SP-Project-Final-Edition\Fish.cpp(222,74): warning C4244: 'argument': conversion from 'float' to 'T', possible loss of data
F:\university\SP-Project-Final-Edition\Fish.cpp(222,74): warning C4244:         with
F:\university\SP-Project-Final-Edition\Fish.cpp(222,74): warning C4244:         [
F:\university\SP-Project-Final-Edition\Fish.cpp(222,74): warning C4244:             T=int
F:\university\SP-Project-Final-Edition\Fish.cpp(222,74): warning C4244:         ]
F:\university\SP-Project-Final-Edition\Fish.cpp(222,53): warning C4244: 'argument': conversion from 'float' to 'T', possible loss of data
F:\university\SP-Project-Final-Edition\Fish.cpp(222,53): warning C4244:         with
F:\university\SP-Project-Final-Edition\Fish.cpp(222,53): warning C4244:         [
F:\university\SP-Project-Final-Edition\Fish.cpp(222,53): warning C4244:             T=int
F:\university\SP-Project-Final-Edition\Fish.cpp(222,53): warning C4244:         ]
F:\university\SP-Project-Final-Edition\Fish.cpp(222,33): warning C4244: 'argument': conversion from 'float' to 'T', possible loss of data
F:\university\SP-Project-Final-Edition\Fish.cpp(222,33): warning C4244:         with
F:\university\SP-Project-Final-Edition\Fish.cpp(222,33): warning C4244:         [
F:\university\SP-Project-Final-Edition\Fish.cpp(222,33): warning C4244:             T=int
F:\university\SP-Project-Final-Edition\Fish.cpp(222,33): warning C4244:         ]
F:\university\SP-Project-Final-Edition\Fish.cpp(221,68): warning C4244: 'argument': conversion from 'float' to 'T', possible loss of data
F:\university\SP-Project-Final-Edition\Fish.cpp(221,68): warning C4244:         with
F:\university\SP-Project-Final-Edition\Fish.cpp(221,68): warning C4244:         [
F:\university\SP-Project-Final-Edition\Fish.cpp(221,68): warning C4244:             T=int
F:\university\SP-Project-Final-Edition\Fish.cpp(221,68): warning C4244:         ]
F:\university\SP-Project-Final-Edition\Fish.cpp(238,42): warning C4244: 'argument': conversion from 'float' to 'T', possible loss of data
F:\university\SP-Project-Final-Edition\Fish.cpp(238,42): warning C4244:         with
F:\university\SP-Project-Final-Edition\Fish.cpp(238,42): warning C4244:         [
F:\university\SP-Project-Final-Edition\Fish.cpp(238,42): warning C4244:             T=int
F:\university\SP-Project-Final-Edition\Fish.cpp(238,42): warning C4244:         ]
F:\university\SP-Project-Final-Edition\Fish.cpp(238,21): warning C4244: 'argument': conversion from 'float' to 'T', possible loss of data
F:\university\SP-Project-Final-Edition\Fish.cpp(238,21): warning C4244:         with
F:\university\SP-Project-Final-Edition\Fish.cpp(238,21): warning C4244:         [
F:\university\SP-Project-Final-Edition\Fish.cpp(238,21): warning C4244:             T=int
F:\university\SP-Project-Final-Edition\Fish.cpp(238,21): warning C4244:         ]
F:\university\SP-Project-Final-Edition\Fish.cpp(237,62): warning C4244: 'argument': conversion from 'float' to 'T', possible loss of data
F:\university\SP-Project-Final-Edition\Fish.cpp(237,62): warning C4244:         with
F:\university\SP-Project-Final-Edition\Fish.cpp(237,62): warning C4244:         [
F:\university\SP-Project-Final-Edition\Fish.cpp(237,62): warning C4244:             T=int
F:\university\SP-Project-Final-Edition\Fish.cpp(237,62): warning C4244:         ]
F:\university\SP-Project-Final-Edition\Fish.cpp(245,42): warning C4244: 'argument': conversion from 'float' to 'T', possible loss of data
F:\university\SP-Project-Final-Edition\Fish.cpp(245,42): warning C4244:         with
F:\university\SP-Project-Final-Edition\Fish.cpp(245,42): warning C4244:         [
F:\university\SP-Project-Final-Edition\Fish.cpp(245,42): warning C4244:             T=int
F:\university\SP-Project-Final-Edition\Fish.cpp(245,42): warning C4244:         ]
F:\university\SP-Project-Final-Edition\Fish.cpp(245,21): warning C4244: 'argument': conversion from 'float' to 'T', possible loss of data
F:\university\SP-Project-Final-Edition\Fish.cpp(245,21): warning C4244:         with
F:\university\SP-Project-Final-Edition\Fish.cpp(245,21): warning C4244:         [
F:\university\SP-Project-Final-Edition\Fish.cpp(245,21): warning C4244:             T=int
F:\university\SP-Project-Final-Edition\Fish.cpp(245,21): warning C4244:         ]
F:\university\SP-Project-Final-Edition\Fish.cpp(244,62): warning C4244: 'argument': conversion from 'float' to 'T', possible loss of data
F:\university\SP-Project-Final-Edition\Fish.cpp(244,62): warning C4244:         with
F:\university\SP-Project-Final-Edition\Fish.cpp(244,62): warning C4244:         [
F:\university\SP-Project-Final-Edition\Fish.cpp(244,62): warning C4244:             T=int
F:\university\SP-Project-Final-Edition\Fish.cpp(244,62): warning C4244:         ]
F:\university\SP-Project-Final-Edition\Fish.cpp(253,42): warning C4244: 'argument': conversion from 'float' to 'T', possible loss of data
F:\university\SP-Project-Final-Edition\Fish.cpp(253,42): warning C4244:         with
F:\university\SP-Project-Final-Edition\Fish.cpp(253,42): warning C4244:         [
F:\university\SP-Project-Final-Edition\Fish.cpp(253,42): warning C4244:             T=int
F:\university\SP-Project-Final-Edition\Fish.cpp(253,42): warning C4244:         ]
F:\university\SP-Project-Final-Edition\Fish.cpp(253,21): warning C4244: 'argument': conversion from 'float' to 'T', possible loss of data
F:\university\SP-Project-Final-Edition\Fish.cpp(253,21): warning C4244:         with
F:\university\SP-Project-Final-Edition\Fish.cpp(253,21): warning C4244:         [
F:\university\SP-Project-Final-Edition\Fish.cpp(253,21): warning C4244:             T=int
F:\university\SP-Project-Final-Edition\Fish.cpp(253,21): warning C4244:         ]
F:\university\SP-Project-Final-Edition\Fish.cpp(252,69): warning C4244: 'argument': conversion from 'float' to 'T', possible loss of data
F:\university\SP-Project-Final-Edition\Fish.cpp(252,69): warning C4244:         with
F:\university\SP-Project-Final-Edition\Fish.cpp(252,69): warning C4244:         [
F:\university\SP-Project-Final-Edition\Fish.cpp(252,69): warning C4244:             T=int
F:\university\SP-Project-Final-Edition\Fish.cpp(252,69): warning C4244:         ]
F:\university\SP-Project-Final-Edition\Fish.cpp(272,73): warning C4244: 'argument': conversion from 'float' to 'T', possible loss of data
F:\university\SP-Project-Final-Edition\Fish.cpp(272,73): warning C4244:         with
F:\university\SP-Project-Final-Edition\Fish.cpp(272,73): warning C4244:         [
F:\university\SP-Project-Final-Edition\Fish.cpp(272,73): warning C4244:             T=int
F:\university\SP-Project-Final-Edition\Fish.cpp(272,73): warning C4244:         ]
F:\university\SP-Project-Final-Edition\Fish.cpp(272,52): warning C4244: 'argument': conversion from 'float' to 'T', possible loss of data
F:\university\SP-Project-Final-Edition\Fish.cpp(272,52): warning C4244:         with
F:\university\SP-Project-Final-Edition\Fish.cpp(272,52): warning C4244:         [
F:\university\SP-Project-Final-Edition\Fish.cpp(272,52): warning C4244:             T=int
F:\university\SP-Project-Final-Edition\Fish.cpp(272,52): warning C4244:         ]
F:\university\SP-Project-Final-Edition\Fish.cpp(272,32): warning C4244: 'argument': conversion from 'float' to 'T', possible loss of data
F:\university\SP-Project-Final-Edition\Fish.cpp(272,32): warning C4244:         with
F:\university\SP-Project-Final-Edition\Fish.cpp(272,32): warning C4244:         [
F:\university\SP-Project-Final-Edition\Fish.cpp(272,32): warning C4244:             T=int
F:\university\SP-Project-Final-Edition\Fish.cpp(272,32): warning C4244:         ]
F:\university\SP-Project-Final-Edition\Fish.cpp(271,67): warning C4244: 'argument': conversion from 'float' to 'T', possible loss of data
F:\university\SP-Project-Final-Edition\Fish.cpp(271,67): warning C4244:         with
F:\university\SP-Project-Final-Edition\Fish.cpp(271,67): warning C4244:         [
F:\university\SP-Project-Final-Edition\Fish.cpp(271,67): warning C4244:             T=int
F:\university\SP-Project-Final-Edition\Fish.cpp(271,67): warning C4244:         ]
F:\university\SP-Project-Final-Edition\Fish.cpp(281,73): warning C4244: 'argument': conversion from 'float' to 'T', possible loss of data
F:\university\SP-Project-Final-Edition\Fish.cpp(281,73): warning C4244:         with
F:\university\SP-Project-Final-Edition\Fish.cpp(281,73): warning C4244:         [
F:\university\SP-Project-Final-Edition\Fish.cpp(281,73): warning C4244:             T=int
F:\university\SP-Project-Final-Edition\Fish.cpp(281,73): warning C4244:         ]
F:\university\SP-Project-Final-Edition\Fish.cpp(281,52): warning C4244: 'argument': conversion from 'float' to 'T', possible loss of data
F:\university\SP-Project-Final-Edition\Fish.cpp(281,52): warning C4244:         with
F:\university\SP-Project-Final-Edition\Fish.cpp(281,52): warning C4244:         [
F:\university\SP-Project-Final-Edition\Fish.cpp(281,52): warning C4244:             T=int
F:\university\SP-Project-Final-Edition\Fish.cpp(281,52): warning C4244:         ]
F:\university\SP-Project-Final-Edition\Fish.cpp(281,32): warning C4244: 'argument': conversion from 'float' to 'T', possible loss of data
F:\university\SP-Project-Final-Edition\Fish.cpp(281,32): warning C4244:         with
F:\university\SP-Project-Final-Edition\Fish.cpp(281,32): warning C4244:         [
F:\university\SP-Project-Final-Edition\Fish.cpp(281,32): warning C4244:             T=int
F:\university\SP-Project-Final-Edition\Fish.cpp(281,32): warning C4244:         ]
F:\university\SP-Project-Final-Edition\Fish.cpp(280,67): warning C4244: 'argument': conversion from 'float' to 'T', possible loss of data
F:\university\SP-Project-Final-Edition\Fish.cpp(280,67): warning C4244:         with
F:\university\SP-Project-Final-Edition\Fish.cpp(280,67): warning C4244:         [
F:\university\SP-Project-Final-Edition\Fish.cpp(280,67): warning C4244:             T=int
F:\university\SP-Project-Final-Edition\Fish.cpp(280,67): warning C4244:         ]
F:\university\SP-Project-Final-Edition\Fish.cpp(302,23): warning C4244: '=': conversion from 'float' to 'sf::Uint8', possible loss of data
F:\university\SP-Project-Final-Edition\Fish.cpp(327,10): warning C4244: '=': conversion from 'float' to 'uint8_t', possible loss of data
F:\university\SP-Project-Final-Edition\Fish.cpp(334,10): warning C4244: '=': conversion from 'float' to 'uint8_t', possible loss of data
  main.cpp
F:\university\SP-Project-Final-Edition\Fish.h(14,18): warning C4244: 'initializing': conversion from 'float' to 'uint8_t', possible loss of data
  (compiling source file 'main.cpp')
  
F:\university\SP-Project-Final-Edition\main.cpp(20,72): warning C4244: 'argument': conversion from 'T' to 'T', possible loss of data
F:\university\SP-Project-Final-Edition\main.cpp(20,72): warning C4244:         with
F:\university\SP-Project-Final-Edition\main.cpp(20,72): warning C4244:         [
F:\university\SP-Project-Final-Edition\main.cpp(20,72): warning C4244:             T=unsigned int
F:\university\SP-Project-Final-Edition\main.cpp(20,72): warning C4244:         ]
F:\university\SP-Project-Final-Edition\main.cpp(20,72): warning C4244:         and
F:\university\SP-Project-Final-Edition\main.cpp(20,72): warning C4244:         [
F:\university\SP-Project-Final-Edition\main.cpp(20,72): warning C4244:             T=float
F:\university\SP-Project-Final-Edition\main.cpp(20,72): warning C4244:         ]
F:\university\SP-Project-Final-Edition\main.cpp(20,52): warning C4244: 'argument': conversion from 'T' to 'T', possible loss of data
F:\university\SP-Project-Final-Edition\main.cpp(20,52): warning C4244:         with
F:\university\SP-Project-Final-Edition\main.cpp(20,52): warning C4244:         [
F:\university\SP-Project-Final-Edition\main.cpp(20,52): warning C4244:             T=unsigned int
F:\university\SP-Project-Final-Edition\main.cpp(20,52): warning C4244:         ]
F:\university\SP-Project-Final-Edition\main.cpp(20,52): warning C4244:         and
F:\university\SP-Project-Final-Edition\main.cpp(20,52): warning C4244:         [
F:\university\SP-Project-Final-Edition\main.cpp(20,52): warning C4244:             T=float
F:\university\SP-Project-Final-Edition\main.cpp(20,52): warning C4244:         ]
F:\university\SP-Project-Final-Edition\main.cpp(154,45): warning C4244: 'argument': conversion from 'T' to 'float', possible loss of data
F:\university\SP-Project-Final-Edition\main.cpp(154,45): warning C4244:         with
F:\university\SP-Project-Final-Edition\main.cpp(154,45): warning C4244:         [
F:\university\SP-Project-Final-Edition\main.cpp(154,45): warning C4244:             T=unsigned int
F:\university\SP-Project-Final-Edition\main.cpp(154,45): warning C4244:         ]
F:\university\SP-Project-Final-Edition\main.cpp(155,124): warning C4244: 'argument': conversion from 'T' to 'T', possible loss of data
F:\university\SP-Project-Final-Edition\main.cpp(155,124): warning C4244:         with
F:\university\SP-Project-Final-Edition\main.cpp(155,124): warning C4244:         [
F:\university\SP-Project-Final-Edition\main.cpp(155,124): warning C4244:             T=float
F:\university\SP-Project-Final-Edition\main.cpp(155,124): warning C4244:         ]
F:\university\SP-Project-Final-Edition\main.cpp(155,124): warning C4244:         and
F:\university\SP-Project-Final-Edition\main.cpp(155,124): warning C4244:         [
F:\university\SP-Project-Final-Edition\main.cpp(155,124): warning C4244:             T=int
F:\university\SP-Project-Final-Edition\main.cpp(155,124): warning C4244:         ]
F:\university\SP-Project-Final-Edition\main.cpp(155,102): warning C4244: 'argument': conversion from 'T' to 'T', possible loss of data
F:\university\SP-Project-Final-Edition\main.cpp(155,102): warning C4244:         with
F:\university\SP-Project-Final-Edition\main.cpp(155,102): warning C4244:         [
F:\university\SP-Project-Final-Edition\main.cpp(155,102): warning C4244:             T=float
F:\university\SP-Project-Final-Edition\main.cpp(155,102): warning C4244:         ]
F:\university\SP-Project-Final-Edition\main.cpp(155,102): warning C4244:         and
F:\university\SP-Project-Final-Edition\main.cpp(155,102): warning C4244:         [
F:\university\SP-Project-Final-Edition\main.cpp(155,102): warning C4244:             T=int
F:\university\SP-Project-Final-Edition\main.cpp(155,102): warning C4244:         ]
F:\university\SP-Project-Final-Edition\main.cpp(155,80): warning C4244: 'argument': conversion from 'T' to 'T', possible loss of data
F:\university\SP-Project-Final-Edition\main.cpp(155,80): warning C4244:         with
F:\university\SP-Project-Final-Edition\main.cpp(155,80): warning C4244:         [
F:\university\SP-Project-Final-Edition\main.cpp(155,80): warning C4244:             T=float
F:\university\SP-Project-Final-Edition\main.cpp(155,80): warning C4244:         ]
F:\university\SP-Project-Final-Edition\main.cpp(155,80): warning C4244:         and
F:\university\SP-Project-Final-Edition\main.cpp(155,80): warning C4244:         [
F:\university\SP-Project-Final-Edition\main.cpp(155,80): warning C4244:             T=int
F:\university\SP-Project-Final-Edition\main.cpp(155,80): warning C4244:         ]
F:\university\SP-Project-Final-Edition\main.cpp(155,58): warning C4244: 'argument': conversion from 'T' to 'T', possible loss of data
F:\university\SP-Project-Final-Edition\main.cpp(155,58): warning C4244:         with
F:\university\SP-Project-Final-Edition\main.cpp(155,58): warning C4244:         [
F:\university\SP-Project-Final-Edition\main.cpp(155,58): warning C4244:             T=float
F:\university\SP-Project-Final-Edition\main.cpp(155,58): warning C4244:         ]
F:\university\SP-Project-Final-Edition\main.cpp(155,58): warning C4244:         and
F:\university\SP-Project-Final-Edition\main.cpp(155,58): warning C4244:         [
F:\university\SP-Project-Final-Edition\main.cpp(155,58): warning C4244:             T=int
F:\university\SP-Project-Final-Edition\main.cpp(155,58): warning C4244:         ]
F:\university\SP-Project-Final-Edition\main.cpp(213,15): warning C4244: '=': conversion from 'int' to 'float', possible loss of data
F:\university\SP-Project-Final-Edition\main.cpp(262,138): warning C4244: 'argument': conversion from 'T' to 'T', possible loss of data
F:\university\SP-Project-Final-Edition\main.cpp(262,138): warning C4244:         with
F:\university\SP-Project-Final-Edition\main.cpp(262,138): warning C4244:         [
F:\university\SP-Project-Final-Edition\main.cpp(262,138): warning C4244:             T=float
F:\university\SP-Project-Final-Edition\main.cpp(262,138): warning C4244:         ]
F:\university\SP-Project-Final-Edition\main.cpp(262,138): warning C4244:         and
F:\university\SP-Project-Final-Edition\main.cpp(262,138): warning C4244:         [
F:\university\SP-Project-Final-Edition\main.cpp(262,138): warning C4244:             T=int
F:\university\SP-Project-Final-Edition\main.cpp(262,138): warning C4244:         ]
F:\university\SP-Project-Final-Edition\main.cpp(262,116): warning C4244: 'argument': conversion from 'T' to 'T', possible loss of data
F:\university\SP-Project-Final-Edition\main.cpp(262,116): warning C4244:         with
F:\university\SP-Project-Final-Edition\main.cpp(262,116): warning C4244:         [
F:\university\SP-Project-Final-Edition\main.cpp(262,116): warning C4244:             T=float
F:\university\SP-Project-Final-Edition\main.cpp(262,116): warning C4244:         ]
F:\university\SP-Project-Final-Edition\main.cpp(262,116): warning C4244:         and
F:\university\SP-Project-Final-Edition\main.cpp(262,116): warning C4244:         [
F:\university\SP-Project-Final-Edition\main.cpp(262,116): warning C4244:             T=int
F:\university\SP-Project-Final-Edition\main.cpp(262,116): warning C4244:         ]
F:\university\SP-Project-Final-Edition\main.cpp(262,94): warning C4244: 'argument': conversion from 'T' to 'T', possible loss of data
F:\university\SP-Project-Final-Edition\main.cpp(262,94): warning C4244:         with
F:\university\SP-Project-Final-Edition\main.cpp(262,94): warning C4244:         [
F:\university\SP-Project-Final-Edition\main.cpp(262,94): warning C4244:             T=float
F:\university\SP-Project-Final-Edition\main.cpp(262,94): warning C4244:         ]
F:\university\SP-Project-Final-Edition\main.cpp(262,94): warning C4244:         and
F:\university\SP-Project-Final-Edition\main.cpp(262,94): warning C4244:         [
F:\university\SP-Project-Final-Edition\main.cpp(262,94): warning C4244:             T=int
F:\university\SP-Project-Final-Edition\main.cpp(262,94): warning C4244:         ]
F:\university\SP-Project-Final-Edition\main.cpp(262,68): warning C4244: 'argument': conversion from 'T' to 'T', possible loss of data
F:\university\SP-Project-Final-Edition\main.cpp(262,68): warning C4244:         with
F:\university\SP-Project-Final-Edition\main.cpp(262,68): warning C4244:         [
F:\university\SP-Project-Final-Edition\main.cpp(262,68): warning C4244:             T=float
F:\university\SP-Project-Final-Edition\main.cpp(262,68): warning C4244:         ]
F:\university\SP-Project-Final-Edition\main.cpp(262,68): warning C4244:         and
F:\university\SP-Project-Final-Edition\main.cpp(262,68): warning C4244:         [
F:\university\SP-Project-Final-Edition\main.cpp(262,68): warning C4244:             T=int
F:\university\SP-Project-Final-Edition\main.cpp(262,68): warning C4244:         ]
F:\university\SP-Project-Final-Edition\main.cpp(278,46): warning C4244: 'argument': conversion from 'T' to 'float', possible loss of data
F:\university\SP-Project-Final-Edition\main.cpp(278,46): warning C4244:         with
F:\university\SP-Project-Final-Edition\main.cpp(278,46): warning C4244:         [
F:\university\SP-Project-Final-Edition\main.cpp(278,46): warning C4244:             T=unsigned int
F:\university\SP-Project-Final-Edition\main.cpp(278,46): warning C4244:         ]
F:\university\SP-Project-Final-Edition\main.cpp(291,22): warning C4244: 'argument': conversion from 'T' to 'T', possible loss of data
F:\university\SP-Project-Final-Edition\main.cpp(291,22): warning C4244:         with
F:\university\SP-Project-Final-Edition\main.cpp(291,22): warning C4244:         [
F:\university\SP-Project-Final-Edition\main.cpp(291,22): warning C4244:             T=float
F:\university\SP-Project-Final-Edition\main.cpp(291,22): warning C4244:         ]
F:\university\SP-Project-Final-Edition\main.cpp(291,22): warning C4244:         and
F:\university\SP-Project-Final-Edition\main.cpp(291,22): warning C4244:         [
F:\university\SP-Project-Final-Edition\main.cpp(291,22): warning C4244:             T=int
F:\university\SP-Project-Final-Edition\main.cpp(291,22): warning C4244:         ]
F:\university\SP-Project-Final-Edition\main.cpp(290,22): warning C4244: 'argument': conversion from 'T' to 'T', possible loss of data
F:\university\SP-Project-Final-Edition\main.cpp(290,22): warning C4244:         with
F:\university\SP-Project-Final-Edition\main.cpp(290,22): warning C4244:         [
F:\university\SP-Project-Final-Edition\main.cpp(290,22): warning C4244:             T=float
F:\university\SP-Project-Final-Edition\main.cpp(290,22): warning C4244:         ]
F:\university\SP-Project-Final-Edition\main.cpp(290,22): warning C4244:         and
F:\university\SP-Project-Final-Edition\main.cpp(290,22): warning C4244:         [
F:\university\SP-Project-Final-Edition\main.cpp(290,22): warning C4244:             T=int
F:\university\SP-Project-Final-Edition\main.cpp(290,22): warning C4244:         ]
F:\university\SP-Project-Final-Edition\main.cpp(289,26): warning C4244: 'argument': conversion from 'T' to 'T', possible loss of data
F:\university\SP-Project-Final-Edition\main.cpp(289,26): warning C4244:         with
F:\university\SP-Project-Final-Edition\main.cpp(289,26): warning C4244:         [
F:\university\SP-Project-Final-Edition\main.cpp(289,26): warning C4244:             T=float
F:\university\SP-Project-Final-Edition\main.cpp(289,26): warning C4244:         ]
F:\university\SP-Project-Final-Edition\main.cpp(289,26): warning C4244:         and
F:\university\SP-Project-Final-Edition\main.cpp(289,26): warning C4244:         [
F:\university\SP-Project-Final-Edition\main.cpp(289,26): warning C4244:             T=int
F:\university\SP-Project-Final-Edition\main.cpp(289,26): warning C4244:         ]
F:\university\SP-Project-Final-Edition\main.cpp(288,35): warning C4244: 'argument': conversion from 'T' to 'T', possible loss of data
F:\university\SP-Project-Final-Edition\main.cpp(288,35): warning C4244:         with
F:\university\SP-Project-Final-Edition\main.cpp(288,35): warning C4244:         [
F:\university\SP-Project-Final-Edition\main.cpp(288,35): warning C4244:             T=float
F:\university\SP-Project-Final-Edition\main.cpp(288,35): warning C4244:         ]
F:\university\SP-Project-Final-Edition\main.cpp(288,35): warning C4244:         and
F:\university\SP-Project-Final-Edition\main.cpp(288,35): warning C4244:         [
F:\university\SP-Project-Final-Edition\main.cpp(288,35): warning C4244:             T=int
F:\university\SP-Project-Final-Edition\main.cpp(288,35): warning C4244:         ]
F:\university\SP-Project-Final-Edition\main.cpp(316,139): warning C4244: 'argument': conversion from 'T' to 'T', possible loss of data
F:\university\SP-Project-Final-Edition\main.cpp(316,139): warning C4244:         with
F:\university\SP-Project-Final-Edition\main.cpp(316,139): warning C4244:         [
F:\university\SP-Project-Final-Edition\main.cpp(316,139): warning C4244:             T=float
F:\university\SP-Project-Final-Edition\main.cpp(316,139): warning C4244:         ]
F:\university\SP-Project-Final-Edition\main.cpp(316,139): warning C4244:         and
F:\university\SP-Project-Final-Edition\main.cpp(316,139): warning C4244:         [
F:\university\SP-Project-Final-Edition\main.cpp(316,139): warning C4244:             T=int
F:\university\SP-Project-Final-Edition\main.cpp(316,139): warning C4244:         ]
F:\university\SP-Project-Final-Edition\main.cpp(316,117): warning C4244: 'argument': conversion from 'T' to 'T', possible loss of data
F:\university\SP-Project-Final-Edition\main.cpp(316,117): warning C4244:         with
F:\university\SP-Project-Final-Edition\main.cpp(316,117): warning C4244:         [
F:\university\SP-Project-Final-Edition\main.cpp(316,117): warning C4244:             T=float
F:\university\SP-Project-Final-Edition\main.cpp(316,117): warning C4244:         ]
F:\university\SP-Project-Final-Edition\main.cpp(316,117): warning C4244:         and
F:\university\SP-Project-Final-Edition\main.cpp(316,117): warning C4244:         [
F:\university\SP-Project-Final-Edition\main.cpp(316,117): warning C4244:             T=int
F:\university\SP-Project-Final-Edition\main.cpp(316,117): warning C4244:         ]
F:\university\SP-Project-Final-Edition\main.cpp(316,95): warning C4244: 'argument': conversion from 'T' to 'T', possible loss of data
F:\university\SP-Project-Final-Edition\main.cpp(316,95): warning C4244:         with
F:\university\SP-Project-Final-Edition\main.cpp(316,95): warning C4244:         [
F:\university\SP-Project-Final-Edition\main.cpp(316,95): warning C4244:             T=float
F:\university\SP-Project-Final-Edition\main.cpp(316,95): warning C4244:         ]
F:\university\SP-Project-Final-Edition\main.cpp(316,95): warning C4244:         and
F:\university\SP-Project-Final-Edition\main.cpp(316,95): warning C4244:         [
F:\university\SP-Project-Final-Edition\main.cpp(316,95): warning C4244:             T=int
F:\university\SP-Project-Final-Edition\main.cpp(316,95): warning C4244:         ]
F:\university\SP-Project-Final-Edition\main.cpp(316,69): warning C4244: 'argument': conversion from 'T' to 'T', possible loss of data
F:\university\SP-Project-Final-Edition\main.cpp(316,69): warning C4244:         with
F:\university\SP-Project-Final-Edition\main.cpp(316,69): warning C4244:         [
F:\university\SP-Project-Final-Edition\main.cpp(316,69): warning C4244:             T=float
F:\university\SP-Project-Final-Edition\main.cpp(316,69): warning C4244:         ]
F:\university\SP-Project-Final-Edition\main.cpp(316,69): warning C4244:         and
F:\university\SP-Project-Final-Edition\main.cpp(316,69): warning C4244:         [
F:\university\SP-Project-Final-Edition\main.cpp(316,69): warning C4244:             T=int
F:\university\SP-Project-Final-Edition\main.cpp(316,69): warning C4244:         ]
F:\university\SP-Project-Final-Edition\main.cpp(326,139): warning C4244: 'argument': conversion from 'T' to 'T', possible loss of data
F:\university\SP-Project-Final-Edition\main.cpp(326,139): warning C4244:         with
F:\university\SP-Project-Final-Edition\main.cpp(326,139): warning C4244:         [
F:\university\SP-Project-Final-Edition\main.cpp(326,139): warning C4244:             T=float
F:\university\SP-Project-Final-Edition\main.cpp(326,139): warning C4244:         ]
F:\university\SP-Project-Final-Edition\main.cpp(326,139): warning C4244:         and
F:\university\SP-Project-Final-Edition\main.cpp(326,139): warning C4244:         [
F:\university\SP-Project-Final-Edition\main.cpp(326,139): warning C4244:             T=int
F:\university\SP-Project-Final-Edition\main.cpp(326,139): warning C4244:         ]
F:\university\SP-Project-Final-Edition\main.cpp(326,117): warning C4244: 'argument': conversion from 'T' to 'T', possible loss of data
F:\university\SP-Project-Final-Edition\main.cpp(326,117): warning C4244:         with
F:\university\SP-Project-Final-Edition\main.cpp(326,117): warning C4244:         [
F:\university\SP-Project-Final-Edition\main.cpp(326,117): warning C4244:             T=float
F:\university\SP-Project-Final-Edition\main.cpp(326,117): warning C4244:         ]
F:\university\SP-Project-Final-Edition\main.cpp(326,117): warning C4244:         and
F:\university\SP-Project-Final-Edition\main.cpp(326,117): warning C4244:         [
F:\university\SP-Project-Final-Edition\main.cpp(326,117): warning C4244:             T=int
F:\university\SP-Project-Final-Edition\main.cpp(326,117): warning C4244:         ]
F:\university\SP-Project-Final-Edition\main.cpp(326,95): warning C4244: 'argument': conversion from 'T' to 'T', possible loss of data
F:\university\SP-Project-Final-Edition\main.cpp(326,95): warning C4244:         with
F:\university\SP-Project-Final-Edition\main.cpp(326,95): warning C4244:         [
F:\university\SP-Project-Final-Edition\main.cpp(326,95): warning C4244:             T=float
F:\university\SP-Project-Final-Edition\main.cpp(326,95): warning C4244:         ]
F:\university\SP-Project-Final-Edition\main.cpp(326,95): warning C4244:         and
F:\university\SP-Project-Final-Edition\main.cpp(326,95): warning C4244:         [
F:\university\SP-Project-Final-Edition\main.cpp(326,95): warning C4244:             T=int
F:\university\SP-Project-Final-Edition\main.cpp(326,95): warning C4244:         ]
F:\university\SP-Project-Final-Edition\main.cpp(326,69): warning C4244: 'argument': conversion from 'T' to 'T', possible loss of data
F:\university\SP-Project-Final-Edition\main.cpp(326,69): warning C4244:         with
F:\university\SP-Project-Final-Edition\main.cpp(326,69): warning C4244:         [
F:\university\SP-Project-Final-Edition\main.cpp(326,69): warning C4244:             T=float
F:\university\SP-Project-Final-Edition\main.cpp(326,69): warning C4244:         ]
F:\university\SP-Project-Final-Edition\main.cpp(326,69): warning C4244:         and
F:\university\SP-Project-Final-Edition\main.cpp(326,69): warning C4244:         [
F:\university\SP-Project-Final-Edition\main.cpp(326,69): warning C4244:             T=int
F:\university\SP-Project-Final-Edition\main.cpp(326,69): warning C4244:         ]
F:\university\SP-Project-Final-Edition\main.cpp(334,20): warning C4244: '=': conversion from 'double' to 'float', possible loss of data
F:\university\SP-Project-Final-Edition\main.cpp(373,147): warning C4244: 'argument': conversion from 'T' to 'T', possible loss of data
F:\university\SP-Project-Final-Edition\main.cpp(373,147): warning C4244:         with
F:\university\SP-Project-Final-Edition\main.cpp(373,147): warning C4244:         [
F:\university\SP-Project-Final-Edition\main.cpp(373,147): warning C4244:             T=float
F:\university\SP-Project-Final-Edition\main.cpp(373,147): warning C4244:         ]
F:\university\SP-Project-Final-Edition\main.cpp(373,147): warning C4244:         and
F:\university\SP-Project-Final-Edition\main.cpp(373,147): warning C4244:         [
F:\university\SP-Project-Final-Edition\main.cpp(373,147): warning C4244:             T=int
F:\university\SP-Project-Final-Edition\main.cpp(373,147): warning C4244:         ]
F:\university\SP-Project-Final-Edition\main.cpp(373,125): warning C4244: 'argument': conversion from 'T' to 'T', possible loss of data
F:\university\SP-Project-Final-Edition\main.cpp(373,125): warning C4244:         with
F:\university\SP-Project-Final-Edition\main.cpp(373,125): warning C4244:         [
F:\university\SP-Project-Final-Edition\main.cpp(373,125): warning C4244:             T=float
F:\university\SP-Project-Final-Edition\main.cpp(373,125): warning C4244:         ]
F:\university\SP-Project-Final-Edition\main.cpp(373,125): warning C4244:         and
F:\university\SP-Project-Final-Edition\main.cpp(373,125): warning C4244:         [
F:\university\SP-Project-Final-Edition\main.cpp(373,125): warning C4244:             T=int
F:\university\SP-Project-Final-Edition\main.cpp(373,125): warning C4244:         ]
F:\university\SP-Project-Final-Edition\main.cpp(373,89): warning C4244: 'argument': conversion from 'T' to 'T', possible loss of data
F:\university\SP-Project-Final-Edition\main.cpp(373,89): warning C4244:         with
F:\university\SP-Project-Final-Edition\main.cpp(373,89): warning C4244:         [
F:\university\SP-Project-Final-Edition\main.cpp(373,89): warning C4244:             T=float
F:\university\SP-Project-Final-Edition\main.cpp(373,89): warning C4244:         ]
F:\university\SP-Project-Final-Edition\main.cpp(373,89): warning C4244:         and
F:\university\SP-Project-Final-Edition\main.cpp(373,89): warning C4244:         [
F:\university\SP-Project-Final-Edition\main.cpp(373,89): warning C4244:             T=int
F:\university\SP-Project-Final-Edition\main.cpp(373,89): warning C4244:         ]
F:\university\SP-Project-Final-Edition\main.cpp(373,43): warning C4244: 'argument': conversion from 'T' to 'T', possible loss of data
F:\university\SP-Project-Final-Edition\main.cpp(373,43): warning C4244:         with
F:\university\SP-Project-Final-Edition\main.cpp(373,43): warning C4244:         [
F:\university\SP-Project-Final-Edition\main.cpp(373,43): warning C4244:             T=float
F:\university\SP-Project-Final-Edition\main.cpp(373,43): warning C4244:         ]
F:\university\SP-Project-Final-Edition\main.cpp(373,43): warning C4244:         and
F:\university\SP-Project-Final-Edition\main.cpp(373,43): warning C4244:         [
F:\university\SP-Project-Final-Edition\main.cpp(373,43): warning C4244:             T=int
F:\university\SP-Project-Final-Edition\main.cpp(373,43): warning C4244:         ]
F:\university\SP-Project-Final-Edition\main.cpp(374,38): warning C4244: 'argument': conversion from 'int' to 'float', possible loss of data
F:\university\SP-Project-Final-Edition\main.cpp(470,58): warning C4244: '+=': conversion from 'double' to 'float', possible loss of data
F:\university\SP-Project-Final-Edition\main.cpp(516,49): warning C4244: 'argument': conversion from 'T' to 'float', possible loss of data
F:\university\SP-Project-Final-Edition\main.cpp(516,49): warning C4244:         with
F:\university\SP-Project-Final-Edition\main.cpp(516,49): warning C4244:         [
F:\university\SP-Project-Final-Edition\main.cpp(516,49): warning C4244:             T=unsigned int
F:\university\SP-Project-Final-Edition\main.cpp(516,49): warning C4244:         ]
F:\university\SP-Project-Final-Edition\main.cpp(560,63): warning C4244: 'argument': conversion from 'const T' to 'float', possible loss of data
F:\university\SP-Project-Final-Edition\main.cpp(560,63): warning C4244:         with
F:\university\SP-Project-Final-Edition\main.cpp(560,63): warning C4244:         [
F:\university\SP-Project-Final-Edition\main.cpp(560,63): warning C4244:             T=unsigned int
F:\university\SP-Project-Final-Edition\main.cpp(560,63): warning C4244:         ]
F:\university\SP-Project-Final-Edition\main.cpp(560,29): warning C4244: 'argument': conversion from 'T' to 'float', possible loss of data
F:\university\SP-Project-Final-Edition\main.cpp(560,29): warning C4244:         with
F:\university\SP-Project-Final-Edition\main.cpp(560,29): warning C4244:         [
F:\university\SP-Project-Final-Edition\main.cpp(560,29): warning C4244:             T=unsigned int
F:\university\SP-Project-Final-Edition\main.cpp(560,29): warning C4244:         ]
F:\university\SP-Project-Final-Edition\main.cpp(636,19): warning C4244: 'argument': conversion from 'T' to 'float', possible loss of data
F:\university\SP-Project-Final-Edition\main.cpp(636,19): warning C4244:         with
F:\university\SP-Project-Final-Edition\main.cpp(636,19): warning C4244:         [
F:\university\SP-Project-Final-Edition\main.cpp(636,19): warning C4244:             T=unsigned int
F:\university\SP-Project-Final-Edition\main.cpp(636,19): warning C4244:         ]
F:\university\SP-Project-Final-Edition\main.cpp(688,42): warning C4244: 'argument': conversion from 'double' to 'T', possible loss of data
F:\university\SP-Project-Final-Edition\main.cpp(688,42): warning C4244:         with
F:\university\SP-Project-Final-Edition\main.cpp(688,42): warning C4244:         [
F:\university\SP-Project-Final-Edition\main.cpp(688,42): warning C4244:             T=int
F:\university\SP-Project-Final-Edition\main.cpp(688,42): warning C4244:         ]
F:\university\SP-Project-Final-Edition\main.cpp(688,36): warning C4244: 'argument': conversion from 'double' to 'T', possible loss of data
F:\university\SP-Project-Final-Edition\main.cpp(688,36): warning C4244:         with
F:\university\SP-Project-Final-Edition\main.cpp(688,36): warning C4244:         [
F:\university\SP-Project-Final-Edition\main.cpp(688,36): warning C4244:             T=int
F:\university\SP-Project-Final-Edition\main.cpp(688,36): warning C4244:         ]
F:\university\SP-Project-Final-Edition\main.cpp(689,46): warning C4244: 'argument': conversion from 'double' to 'T', possible loss of data
F:\university\SP-Project-Final-Edition\main.cpp(689,46): warning C4244:         with
F:\university\SP-Project-Final-Edition\main.cpp(689,46): warning C4244:         [
F:\university\SP-Project-Final-Edition\main.cpp(689,46): warning C4244:             T=int
F:\university\SP-Project-Final-Edition\main.cpp(689,46): warning C4244:         ]
F:\university\SP-Project-Final-Edition\main.cpp(689,40): warning C4244: 'argument': conversion from 'double' to 'T', possible loss of data
F:\university\SP-Project-Final-Edition\main.cpp(689,40): warning C4244:         with
F:\university\SP-Project-Final-Edition\main.cpp(689,40): warning C4244:         [
F:\university\SP-Project-Final-Edition\main.cpp(689,40): warning C4244:             T=int
F:\university\SP-Project-Final-Edition\main.cpp(689,40): warning C4244:         ]
F:\university\SP-Project-Final-Edition\main.cpp(820,70): warning C4244: 'argument': conversion from 'T' to 'T', possible loss of data
F:\university\SP-Project-Final-Edition\main.cpp(820,70): warning C4244:         with
F:\university\SP-Project-Final-Edition\main.cpp(820,70): warning C4244:         [
F:\university\SP-Project-Final-Edition\main.cpp(820,70): warning C4244:             T=unsigned int
F:\university\SP-Project-Final-Edition\main.cpp(820,70): warning C4244:         ]
F:\university\SP-Project-Final-Edition\main.cpp(820,70): warning C4244:         and
F:\university\SP-Project-Final-Edition\main.cpp(820,70): warning C4244:         [
F:\university\SP-Project-Final-Edition\main.cpp(820,70): warning C4244:             T=float
F:\university\SP-Project-Final-Edition\main.cpp(820,70): warning C4244:         ]
F:\university\SP-Project-Final-Edition\main.cpp(820,45): warning C4244: 'argument': conversion from 'T' to 'T', possible loss of data
F:\university\SP-Project-Final-Edition\main.cpp(820,45): warning C4244:         with
F:\university\SP-Project-Final-Edition\main.cpp(820,45): warning C4244:         [
F:\university\SP-Project-Final-Edition\main.cpp(820,45): warning C4244:             T=unsigned int
F:\university\SP-Project-Final-Edition\main.cpp(820,45): warning C4244:         ]
F:\university\SP-Project-Final-Edition\main.cpp(820,45): warning C4244:         and
F:\university\SP-Project-Final-Edition\main.cpp(820,45): warning C4244:         [
F:\university\SP-Project-Final-Edition\main.cpp(820,45): warning C4244:             T=float
F:\university\SP-Project-Final-Edition\main.cpp(820,45): warning C4244:         ]
F:\university\SP-Project-Final-Edition\main.cpp(822,61): warning C4244: 'argument': conversion from 'T' to 'T', possible loss of data
F:\university\SP-Project-Final-Edition\main.cpp(822,61): warning C4244:         with
F:\university\SP-Project-Final-Edition\main.cpp(822,61): warning C4244:         [
F:\university\SP-Project-Final-Edition\main.cpp(822,61): warning C4244:             T=float
F:\university\SP-Project-Final-Edition\main.cpp(822,61): warning C4244:         ]
F:\university\SP-Project-Final-Edition\main.cpp(822,61): warning C4244:         and
F:\university\SP-Project-Final-Edition\main.cpp(822,61): warning C4244:         [
F:\university\SP-Project-Final-Edition\main.cpp(822,61): warning C4244:             T=int
F:\university\SP-Project-Final-Edition\main.cpp(822,61): warning C4244:         ]
F:\university\SP-Project-Final-Edition\main.cpp(822,48): warning C4244: 'argument': conversion from 'T' to 'T', possible loss of data
F:\university\SP-Project-Final-Edition\main.cpp(822,48): warning C4244:         with
F:\university\SP-Project-Final-Edition\main.cpp(822,48): warning C4244:         [
F:\university\SP-Project-Final-Edition\main.cpp(822,48): warning C4244:             T=float
F:\university\SP-Project-Final-Edition\main.cpp(822,48): warning C4244:         ]
F:\university\SP-Project-Final-Edition\main.cpp(822,48): warning C4244:         and
F:\university\SP-Project-Final-Edition\main.cpp(822,48): warning C4244:         [
F:\university\SP-Project-Final-Edition\main.cpp(822,48): warning C4244:             T=int
F:\university\SP-Project-Final-Edition\main.cpp(822,48): warning C4244:         ]
F:\university\SP-Project-Final-Edition\main.cpp(859,96): warning C4244: 'argument': conversion from 'T' to 'T', possible loss of data
F:\university\SP-Project-Final-Edition\main.cpp(859,96): warning C4244:         with
F:\university\SP-Project-Final-Edition\main.cpp(859,96): warning C4244:         [
F:\university\SP-Project-Final-Edition\main.cpp(859,96): warning C4244:             T=unsigned int
F:\university\SP-Project-Final-Edition\main.cpp(859,96): warning C4244:         ]
F:\university\SP-Project-Final-Edition\main.cpp(859,96): warning C4244:         and
F:\university\SP-Project-Final-Edition\main.cpp(859,96): warning C4244:         [
F:\university\SP-Project-Final-Edition\main.cpp(859,96): warning C4244:             T=float
F:\university\SP-Project-Final-Edition\main.cpp(859,96): warning C4244:         ]
F:\university\SP-Project-Final-Edition\main.cpp(874,110): warning C4244: 'argument': conversion from 'T' to 'T', possible loss of data
F:\university\SP-Project-Final-Edition\main.cpp(874,110): warning C4244:         with
F:\university\SP-Project-Final-Edition\main.cpp(874,110): warning C4244:         [
F:\university\SP-Project-Final-Edition\main.cpp(874,110): warning C4244:             T=float
F:\university\SP-Project-Final-Edition\main.cpp(874,110): warning C4244:         ]
F:\university\SP-Project-Final-Edition\main.cpp(874,110): warning C4244:         and
F:\university\SP-Project-Final-Edition\main.cpp(874,110): warning C4244:         [
F:\university\SP-Project-Final-Edition\main.cpp(874,110): warning C4244:             T=int
F:\university\SP-Project-Final-Edition\main.cpp(874,110): warning C4244:         ]
F:\university\SP-Project-Final-Edition\main.cpp(874,93): warning C4244: 'argument': conversion from 'T' to 'T', possible loss of data
F:\university\SP-Project-Final-Edition\main.cpp(874,93): warning C4244:         with
F:\university\SP-Project-Final-Edition\main.cpp(874,93): warning C4244:         [
F:\university\SP-Project-Final-Edition\main.cpp(874,93): warning C4244:             T=float
F:\university\SP-Project-Final-Edition\main.cpp(874,93): warning C4244:         ]
F:\university\SP-Project-Final-Edition\main.cpp(874,93): warning C4244:         and
F:\university\SP-Project-Final-Edition\main.cpp(874,93): warning C4244:         [
F:\university\SP-Project-Final-Edition\main.cpp(874,93): warning C4244:             T=int
F:\university\SP-Project-Final-Edition\main.cpp(874,93): warning C4244:         ]
F:\university\SP-Project-Final-Edition\main.cpp(874,76): warning C4244: 'argument': conversion from 'T' to 'T', possible loss of data
F:\university\SP-Project-Final-Edition\main.cpp(874,76): warning C4244:         with
F:\university\SP-Project-Final-Edition\main.cpp(874,76): warning C4244:         [
F:\university\SP-Project-Final-Edition\main.cpp(874,76): warning C4244:             T=float
F:\university\SP-Project-Final-Edition\main.cpp(874,76): warning C4244:         ]
F:\university\SP-Project-Final-Edition\main.cpp(874,76): warning C4244:         and
F:\university\SP-Project-Final-Edition\main.cpp(874,76): warning C4244:         [
F:\university\SP-Project-Final-Edition\main.cpp(874,76): warning C4244:             T=int
F:\university\SP-Project-Final-Edition\main.cpp(874,76): warning C4244:         ]
F:\university\SP-Project-Final-Edition\main.cpp(874,55): warning C4244: 'argument': conversion from 'T' to 'T', possible loss of data
F:\university\SP-Project-Final-Edition\main.cpp(874,55): warning C4244:         with
F:\university\SP-Project-Final-Edition\main.cpp(874,55): warning C4244:         [
F:\university\SP-Project-Final-Edition\main.cpp(874,55): warning C4244:             T=float
F:\university\SP-Project-Final-Edition\main.cpp(874,55): warning C4244:         ]
F:\university\SP-Project-Final-Edition\main.cpp(874,55): warning C4244:         and
F:\university\SP-Project-Final-Edition\main.cpp(874,55): warning C4244:         [
F:\university\SP-Project-Final-Edition\main.cpp(874,55): warning C4244:             T=int
F:\university\SP-Project-Final-Edition\main.cpp(874,55): warning C4244:         ]
F:\university\SP-Project-Final-Edition\main.cpp(892,68): warning C4244: 'argument': conversion from 'T' to 'T', possible loss of data
F:\university\SP-Project-Final-Edition\main.cpp(892,68): warning C4244:         with
F:\university\SP-Project-Final-Edition\main.cpp(892,68): warning C4244:         [
F:\university\SP-Project-Final-Edition\main.cpp(892,68): warning C4244:             T=float
F:\university\SP-Project-Final-Edition\main.cpp(892,68): warning C4244:         ]
F:\university\SP-Project-Final-Edition\main.cpp(892,68): warning C4244:         and
F:\university\SP-Project-Final-Edition\main.cpp(892,68): warning C4244:         [
F:\university\SP-Project-Final-Edition\main.cpp(892,68): warning C4244:             T=int
F:\university\SP-Project-Final-Edition\main.cpp(892,68): warning C4244:         ]
F:\university\SP-Project-Final-Edition\main.cpp(892,51): warning C4244: 'argument': conversion from 'T' to 'T', possible loss of data
F:\university\SP-Project-Final-Edition\main.cpp(892,51): warning C4244:         with
F:\university\SP-Project-Final-Edition\main.cpp(892,51): warning C4244:         [
F:\university\SP-Project-Final-Edition\main.cpp(892,51): warning C4244:             T=float
F:\university\SP-Project-Final-Edition\main.cpp(892,51): warning C4244:         ]
F:\university\SP-Project-Final-Edition\main.cpp(892,51): warning C4244:         and
F:\university\SP-Project-Final-Edition\main.cpp(892,51): warning C4244:         [
F:\university\SP-Project-Final-Edition\main.cpp(892,51): warning C4244:             T=int
F:\university\SP-Project-Final-Edition\main.cpp(892,51): warning C4244:         ]
F:\university\SP-Project-Final-Edition\main.cpp(920,49): warning C4244: 'argument': conversion from 'T' to 'float', possible loss of data
F:\university\SP-Project-Final-Edition\main.cpp(920,49): warning C4244:         with
F:\university\SP-Project-Final-Edition\main.cpp(920,49): warning C4244:         [
F:\university\SP-Project-Final-Edition\main.cpp(920,49): warning C4244:             T=unsigned int
F:\university\SP-Project-Final-Edition\main.cpp(920,49): warning C4244:         ]
F:\university\SP-Project-Final-Edition\main.cpp(959,70): warning C4244: 'argument': conversion from 'T' to 'T', possible loss of data
F:\university\SP-Project-Final-Edition\main.cpp(959,70): warning C4244:         with
F:\university\SP-Project-Final-Edition\main.cpp(959,70): warning C4244:         [
F:\university\SP-Project-Final-Edition\main.cpp(959,70): warning C4244:             T=unsigned int
F:\university\SP-Project-Final-Edition\main.cpp(959,70): warning C4244:         ]
F:\university\SP-Project-Final-Edition\main.cpp(959,70): warning C4244:         and
F:\university\SP-Project-Final-Edition\main.cpp(959,70): warning C4244:         [
F:\university\SP-Project-Final-Edition\main.cpp(959,70): warning C4244:             T=float
F:\university\SP-Project-Final-Edition\main.cpp(959,70): warning C4244:         ]
F:\university\SP-Project-Final-Edition\main.cpp(959,45): warning C4244: 'argument': conversion from 'T' to 'T', possible loss of data
F:\university\SP-Project-Final-Edition\main.cpp(959,45): warning C4244:         with
F:\university\SP-Project-Final-Edition\main.cpp(959,45): warning C4244:         [
F:\university\SP-Project-Final-Edition\main.cpp(959,45): warning C4244:             T=unsigned int
F:\university\SP-Project-Final-Edition\main.cpp(959,45): warning C4244:         ]
F:\university\SP-Project-Final-Edition\main.cpp(959,45): warning C4244:         and
F:\university\SP-Project-Final-Edition\main.cpp(959,45): warning C4244:         [
F:\university\SP-Project-Final-Edition\main.cpp(959,45): warning C4244:             T=float
F:\university\SP-Project-Final-Edition\main.cpp(959,45): warning C4244:         ]
F:\university\SP-Project-Final-Edition\main.cpp(962,61): warning C4244: 'argument': conversion from 'T' to 'T', possible loss of data
F:\university\SP-Project-Final-Edition\main.cpp(962,61): warning C4244:         with
F:\university\SP-Project-Final-Edition\main.cpp(962,61): warning C4244:         [
F:\university\SP-Project-Final-Edition\main.cpp(962,61): warning C4244:             T=float
F:\university\SP-Project-Final-Edition\main.cpp(962,61): warning C4244:         ]
F:\university\SP-Project-Final-Edition\main.cpp(962,61): warning C4244:         and
F:\university\SP-Project-Final-Edition\main.cpp(962,61): warning C4244:         [
F:\university\SP-Project-Final-Edition\main.cpp(962,61): warning C4244:             T=int
F:\university\SP-Project-Final-Edition\main.cpp(962,61): warning C4244:         ]
F:\university\SP-Project-Final-Edition\main.cpp(962,48): warning C4244: 'argument': conversion from 'T' to 'T', possible loss of data
F:\university\SP-Project-Final-Edition\main.cpp(962,48): warning C4244:         with
F:\university\SP-Project-Final-Edition\main.cpp(962,48): warning C4244:         [
F:\university\SP-Project-Final-Edition\main.cpp(962,48): warning C4244:             T=float
F:\university\SP-Project-Final-Edition\main.cpp(962,48): warning C4244:         ]
F:\university\SP-Project-Final-Edition\main.cpp(962,48): warning C4244:         and
F:\university\SP-Project-Final-Edition\main.cpp(962,48): warning C4244:         [
F:\university\SP-Project-Final-Edition\main.cpp(962,48): warning C4244:             T=int
F:\university\SP-Project-Final-Edition\main.cpp(962,48): warning C4244:         ]
F:\university\SP-Project-Final-Edition\main.cpp(970,12): warning C4244: 'argument': conversion from 'time_t' to 'unsigned int', possible loss of data
F:\university\SP-Project-Final-Edition\main.cpp(978,12): warning C4244: 'argument': conversion from 'time_t' to 'unsigned int', possible loss of data
F:\university\SP-Project-Final-Edition\main.cpp(1022,19): warning C4244: 'initializing': conversion from 'T' to 'float', possible loss of data
F:\university\SP-Project-Final-Edition\main.cpp(1022,19): warning C4244:         with
F:\university\SP-Project-Final-Edition\main.cpp(1022,19): warning C4244:         [
F:\university\SP-Project-Final-Edition\main.cpp(1022,19): warning C4244:             T=unsigned int
F:\university\SP-Project-Final-Edition\main.cpp(1022,19): warning C4244:         ]
F:\university\SP-Project-Final-Edition\main.cpp(1025,16): warning C4244: 'initializing': conversion from 'T' to 'float', possible loss of data
F:\university\SP-Project-Final-Edition\main.cpp(1025,16): warning C4244:         with
F:\university\SP-Project-Final-Edition\main.cpp(1025,16): warning C4244:         [
F:\university\SP-Project-Final-Edition\main.cpp(1025,16): warning C4244:             T=unsigned int
F:\university\SP-Project-Final-Edition\main.cpp(1025,16): warning C4244:         ]
F:\university\SP-Project-Final-Edition\main.cpp(1029,11): warning C4244: 'initializing': conversion from 'double' to 'float', possible loss of data
F:\university\SP-Project-Final-Edition\main.cpp(1051,22): warning C4244: 'argument': conversion from 'T' to 'T', possible loss of data
F:\university\SP-Project-Final-Edition\main.cpp(1051,22): warning C4244:         with
F:\university\SP-Project-Final-Edition\main.cpp(1051,22): warning C4244:         [
F:\university\SP-Project-Final-Edition\main.cpp(1051,22): warning C4244:             T=unsigned int
F:\university\SP-Project-Final-Edition\main.cpp(1051,22): warning C4244:         ]
F:\university\SP-Project-Final-Edition\main.cpp(1051,22): warning C4244:         and
F:\university\SP-Project-Final-Edition\main.cpp(1051,22): warning C4244:         [
F:\university\SP-Project-Final-Edition\main.cpp(1051,22): warning C4244:             T=float
F:\university\SP-Project-Final-Edition\main.cpp(1051,22): warning C4244:         ]
F:\university\SP-Project-Final-Edition\main.cpp(1050,22): warning C4244: 'argument': conversion from 'T' to 'T', possible loss of data
F:\university\SP-Project-Final-Edition\main.cpp(1050,22): warning C4244:         with
F:\university\SP-Project-Final-Edition\main.cpp(1050,22): warning C4244:         [
F:\university\SP-Project-Final-Edition\main.cpp(1050,22): warning C4244:             T=unsigned int
F:\university\SP-Project-Final-Edition\main.cpp(1050,22): warning C4244:         ]
F:\university\SP-Project-Final-Edition\main.cpp(1050,22): warning C4244:         and
F:\university\SP-Project-Final-Edition\main.cpp(1050,22): warning C4244:         [
F:\university\SP-Project-Final-Edition\main.cpp(1050,22): warning C4244:             T=float
F:\university\SP-Project-Final-Edition\main.cpp(1050,22): warning C4244:         ]
F:\university\SP-Project-Final-Edition\main.cpp(1049,22): warning C4244: 'argument': conversion from 'T' to 'T', possible loss of data
F:\university\SP-Project-Final-Edition\main.cpp(1049,22): warning C4244:         with
F:\university\SP-Project-Final-Edition\main.cpp(1049,22): warning C4244:         [
F:\university\SP-Project-Final-Edition\main.cpp(1049,22): warning C4244:             T=unsigned int
F:\university\SP-Project-Final-Edition\main.cpp(1049,22): warning C4244:         ]
F:\university\SP-Project-Final-Edition\main.cpp(1049,22): warning C4244:         and
F:\university\SP-Project-Final-Edition\main.cpp(1049,22): warning C4244:         [
F:\university\SP-Project-Final-Edition\main.cpp(1049,22): warning C4244:             T=float
F:\university\SP-Project-Final-Edition\main.cpp(1049,22): warning C4244:         ]
F:\university\SP-Project-Final-Edition\main.cpp(1048,22): warning C4244: 'argument': conversion from 'T' to 'T', possible loss of data
F:\university\SP-Project-Final-Edition\main.cpp(1048,22): warning C4244:         with
F:\university\SP-Project-Final-Edition\main.cpp(1048,22): warning C4244:         [
F:\university\SP-Project-Final-Edition\main.cpp(1048,22): warning C4244:             T=unsigned int
F:\university\SP-Project-Final-Edition\main.cpp(1048,22): warning C4244:         ]
F:\university\SP-Project-Final-Edition\main.cpp(1048,22): warning C4244:         and
F:\university\SP-Project-Final-Edition\main.cpp(1048,22): warning C4244:         [
F:\university\SP-Project-Final-Edition\main.cpp(1048,22): warning C4244:             T=float
F:\university\SP-Project-Final-Edition\main.cpp(1048,22): warning C4244:         ]
F:\university\SP-Project-Final-Edition\main.cpp(1161,50): warning C4244: 'argument': conversion from 'T' to 'float', possible loss of data
F:\university\SP-Project-Final-Edition\main.cpp(1161,50): warning C4244:         with
F:\university\SP-Project-Final-Edition\main.cpp(1161,50): warning C4244:         [
F:\university\SP-Project-Final-Edition\main.cpp(1161,50): warning C4244:             T=unsigned int
F:\university\SP-Project-Final-Edition\main.cpp(1161,50): warning C4244:         ]
F:\university\SP-Project-Final-Edition\main.cpp(1171,24): warning C4244: '=': conversion from 'float' to 'int', possible loss of data
F:\university\SP-Project-Final-Edition\main.cpp(1204,150): warning C4244: 'argument': conversion from 'T' to 'T', possible loss of data
F:\university\SP-Project-Final-Edition\main.cpp(1204,150): warning C4244:         with
F:\university\SP-Project-Final-Edition\main.cpp(1204,150): warning C4244:         [
F:\university\SP-Project-Final-Edition\main.cpp(1204,150): warning C4244:             T=float
F:\university\SP-Project-Final-Edition\main.cpp(1204,150): warning C4244:         ]
F:\university\SP-Project-Final-Edition\main.cpp(1204,150): warning C4244:         and
F:\university\SP-Project-Final-Edition\main.cpp(1204,150): warning C4244:         [
F:\university\SP-Project-Final-Edition\main.cpp(1204,150): warning C4244:             T=int
F:\university\SP-Project-Final-Edition\main.cpp(1204,150): warning C4244:         ]
F:\university\SP-Project-Final-Edition\main.cpp(1204,128): warning C4244: 'argument': conversion from 'T' to 'T', possible loss of data
F:\university\SP-Project-Final-Edition\main.cpp(1204,128): warning C4244:         with
F:\university\SP-Project-Final-Edition\main.cpp(1204,128): warning C4244:         [
F:\university\SP-Project-Final-Edition\main.cpp(1204,128): warning C4244:             T=float
F:\university\SP-Project-Final-Edition\main.cpp(1204,128): warning C4244:         ]
F:\university\SP-Project-Final-Edition\main.cpp(1204,128): warning C4244:         and
F:\university\SP-Project-Final-Edition\main.cpp(1204,128): warning C4244:         [
F:\university\SP-Project-Final-Edition\main.cpp(1204,128): warning C4244:             T=int
F:\university\SP-Project-Final-Edition\main.cpp(1204,128): warning C4244:         ]
F:\university\SP-Project-Final-Edition\main.cpp(1204,92): warning C4244: 'argument': conversion from 'T' to 'T', possible loss of data
F:\university\SP-Project-Final-Edition\main.cpp(1204,92): warning C4244:         with
F:\university\SP-Project-Final-Edition\main.cpp(1204,92): warning C4244:         [
F:\university\SP-Project-Final-Edition\main.cpp(1204,92): warning C4244:             T=float
F:\university\SP-Project-Final-Edition\main.cpp(1204,92): warning C4244:         ]
F:\university\SP-Project-Final-Edition\main.cpp(1204,92): warning C4244:         and
F:\university\SP-Project-Final-Edition\main.cpp(1204,92): warning C4244:         [
F:\university\SP-Project-Final-Edition\main.cpp(1204,92): warning C4244:             T=int
F:\university\SP-Project-Final-Edition\main.cpp(1204,92): warning C4244:         ]
F:\university\SP-Project-Final-Edition\main.cpp(1204,46): warning C4244: 'argument': conversion from 'T' to 'T', possible loss of data
F:\university\SP-Project-Final-Edition\main.cpp(1204,46): warning C4244:         with
F:\university\SP-Project-Final-Edition\main.cpp(1204,46): warning C4244:         [
F:\university\SP-Project-Final-Edition\main.cpp(1204,46): warning C4244:             T=float
F:\university\SP-Project-Final-Edition\main.cpp(1204,46): warning C4244:         ]
F:\university\SP-Project-Final-Edition\main.cpp(1204,46): warning C4244:         and
F:\university\SP-Project-Final-Edition\main.cpp(1204,46): warning C4244:         [
F:\university\SP-Project-Final-Edition\main.cpp(1204,46): warning C4244:             T=int
F:\university\SP-Project-Final-Edition\main.cpp(1204,46): warning C4244:         ]
F:\university\SP-Project-Final-Edition\main.cpp(1207,150): warning C4244: 'argument': conversion from 'T' to 'T', possible loss of data
F:\university\SP-Project-Final-Edition\main.cpp(1207,150): warning C4244:         with
F:\university\SP-Project-Final-Edition\main.cpp(1207,150): warning C4244:         [
F:\university\SP-Project-Final-Edition\main.cpp(1207,150): warning C4244:             T=float
F:\university\SP-Project-Final-Edition\main.cpp(1207,150): warning C4244:         ]
F:\university\SP-Project-Final-Edition\main.cpp(1207,150): warning C4244:         and
F:\university\SP-Project-Final-Edition\main.cpp(1207,150): warning C4244:         [
F:\university\SP-Project-Final-Edition\main.cpp(1207,150): warning C4244:             T=int
F:\university\SP-Project-Final-Edition\main.cpp(1207,150): warning C4244:         ]
F:\university\SP-Project-Final-Edition\main.cpp(1207,128): warning C4244: 'argument': conversion from 'T' to 'T', possible loss of data
F:\university\SP-Project-Final-Edition\main.cpp(1207,128): warning C4244:         with
F:\university\SP-Project-Final-Edition\main.cpp(1207,128): warning C4244:         [
F:\university\SP-Project-Final-Edition\main.cpp(1207,128): warning C4244:             T=float
F:\university\SP-Project-Final-Edition\main.cpp(1207,128): warning C4244:         ]
F:\university\SP-Project-Final-Edition\main.cpp(1207,128): warning C4244:         and
F:\university\SP-Project-Final-Edition\main.cpp(1207,128): warning C4244:         [
F:\university\SP-Project-Final-Edition\main.cpp(1207,128): warning C4244:             T=int
F:\university\SP-Project-Final-Edition\main.cpp(1207,128): warning C4244:         ]
F:\university\SP-Project-Final-Edition\main.cpp(1207,92): warning C4244: 'argument': conversion from 'T' to 'T', possible loss of data
F:\university\SP-Project-Final-Edition\main.cpp(1207,92): warning C4244:         with
F:\university\SP-Project-Final-Edition\main.cpp(1207,92): warning C4244:         [
F:\university\SP-Project-Final-Edition\main.cpp(1207,92): warning C4244:             T=float
F:\university\SP-Project-Final-Edition\main.cpp(1207,92): warning C4244:         ]
F:\university\SP-Project-Final-Edition\main.cpp(1207,92): warning C4244:         and
F:\university\SP-Project-Final-Edition\main.cpp(1207,92): warning C4244:         [
F:\university\SP-Project-Final-Edition\main.cpp(1207,92): warning C4244:             T=int
F:\university\SP-Project-Final-Edition\main.cpp(1207,92): warning C4244:         ]
F:\university\SP-Project-Final-Edition\main.cpp(1207,46): warning C4244: 'argument': conversion from 'T' to 'T', possible loss of data
F:\university\SP-Project-Final-Edition\main.cpp(1207,46): warning C4244:         with
F:\university\SP-Project-Final-Edition\main.cpp(1207,46): warning C4244:         [
F:\university\SP-Project-Final-Edition\main.cpp(1207,46): warning C4244:             T=float
F:\university\SP-Project-Final-Edition\main.cpp(1207,46): warning C4244:         ]
F:\university\SP-Project-Final-Edition\main.cpp(1207,46): warning C4244:         and
F:\university\SP-Project-Final-Edition\main.cpp(1207,46): warning C4244:         [
F:\university\SP-Project-Final-Edition\main.cpp(1207,46): warning C4244:             T=int
F:\university\SP-Project-Final-Edition\main.cpp(1207,46): warning C4244:         ]
F:\university\SP-Project-Final-Edition\main.cpp(1322,54): warning C4244: 'argument': conversion from 'T' to 'float', possible loss of data
F:\university\SP-Project-Final-Edition\main.cpp(1322,54): warning C4244:         with
F:\university\SP-Project-Final-Edition\main.cpp(1322,54): warning C4244:         [
F:\university\SP-Project-Final-Edition\main.cpp(1322,54): warning C4244:             T=unsigned int
F:\university\SP-Project-Final-Edition\main.cpp(1322,54): warning C4244:         ]
F:\university\SP-Project-Final-Edition\main.cpp(1488,48): warning C4244: 'argument': conversion from '__int64' to 'int', possible loss of data
  Generating Code...
  SP-Project-Final-Edition.vcxproj -> F:\university\SP-Project-Final-Edition\Debug\SP-Project-Final-Edition.exe
